<?xml version="1.0" encoding="UTF-8"?>
<!-- Generated by org.testng.reporters.JUnitXMLReporter -->
<testsuite hostname="Admin-PC" name="gitLoginWithInvalidAndValid" tests="3" failures="0" timestamp="9 Nov 2016 08:30:56 GMT" time="87.989" errors="0">
  <testcase name="launchGITUnsuccessful" time="24.687" classname="com.kodiak.qa.testsuites.gitLoginWithInvalidAndValid"/>
  <testcase name="launchGITSuccessfully" time="35.015" classname="com.kodiak.qa.testsuites.gitLoginWithInvalidAndValid"/>
  <testcase name="validatingCloseBrowser" time="2.027" classname="com.kodiak.qa.testsuites.gitLoginWithInvalidAndValid"/>
</testsuite> <!-- gitLoginWithInvalidAndValid -->
